[2025-10-21T10:37:51.866303+00:00] product_views.INFO: Product aangeklikt {"product_id":1,"product_naam":"Batman (Dark Knight)","user_id":3,"timestamp":"2025-10-21 10:37:51"} []
[2025-10-21T10:37:51.866979+00:00] product_views.INFO: Product aangeklikt {"product_id":2,"product_naam":"Spider-Man (Classic)","user_id":3,"timestamp":"2025-10-21 10:37:51"} []
[2025-10-21T10:37:51.867191+00:00] product_views.INFO: Product aangeklikt {"product_id":3,"product_naam":"Pikachu (Pokémon)","user_id":3,"timestamp":"2025-10-21 10:37:51"} []
[2025-10-21T10:37:51.867339+00:00] product_views.INFO: Product aangeklikt {"product_id":4,"product_naam":"Harry Potter (cupboard)","user_id":3,"timestamp":"2025-10-21 10:37:51"} []
[2025-10-21T10:37:51.867868+00:00] product_views.INFO: Product aangeklikt {"product_id":5,"product_naam":"Darth Vader (Star Wars)","user_id":3,"timestamp":"2025-10-21 10:37:51"} []
[2025-10-21T10:37:51.867998+00:00] product_views.INFO: Product aangeklikt {"product_id":6,"product_naam":"Iron Man (MARVEL RIVALS)","user_id":3,"timestamp":"2025-10-21 10:37:51"} []
[2025-10-21T10:37:51.868097+00:00] product_views.INFO: Product aangeklikt {"product_id":7,"product_naam":"The Mandalorian","user_id":3,"timestamp":"2025-10-21 10:37:51"} []
[2025-10-21T10:37:51.868469+00:00] product_views.INFO: Product aangeklikt {"product_id":8,"product_naam":"Naruto (Shipudan)","user_id":3,"timestamp":"2025-10-21 10:37:51"} []
[2025-10-21T10:37:51.868539+00:00] product_views.INFO: Product aangeklikt {"product_id":9,"product_naam":"Hermione Granger","user_id":3,"timestamp":"2025-10-21 10:37:51"} []
[2025-10-21T10:37:51.868585+00:00] product_views.INFO: Product aangeklikt {"product_id":10,"product_naam":"Deadpool and headpool","user_id":3,"timestamp":"2025-10-21 10:37:51"} []
[2025-10-21T10:38:23.820423+00:00] product_views.INFO: Product aangeklikt {"product_id":1,"product_naam":"Batman (Dark Knight)","user_id":3,"timestamp":"2025-10-21 10:38:23"} []
[2025-10-21T10:38:23.820996+00:00] product_views.INFO: Product aangeklikt {"product_id":2,"product_naam":"Spider-Man (Classic)","user_id":3,"timestamp":"2025-10-21 10:38:23"} []
[2025-10-21T10:38:23.821059+00:00] product_views.INFO: Product aangeklikt {"product_id":3,"product_naam":"Pikachu (Pokémon)","user_id":3,"timestamp":"2025-10-21 10:38:23"} []
[2025-10-21T10:38:23.821125+00:00] product_views.INFO: Product aangeklikt {"product_id":4,"product_naam":"Harry Potter (cupboard)","user_id":3,"timestamp":"2025-10-21 10:38:23"} []
[2025-10-21T10:38:23.821167+00:00] product_views.INFO: Product aangeklikt {"product_id":5,"product_naam":"Darth Vader (Star Wars)","user_id":3,"timestamp":"2025-10-21 10:38:23"} []
[2025-10-21T10:38:23.821208+00:00] product_views.INFO: Product aangeklikt {"product_id":6,"product_naam":"Iron Man (MARVEL RIVALS)","user_id":3,"timestamp":"2025-10-21 10:38:23"} []
[2025-10-21T10:38:23.821245+00:00] product_views.INFO: Product aangeklikt {"product_id":7,"product_naam":"The Mandalorian","user_id":3,"timestamp":"2025-10-21 10:38:23"} []
[2025-10-21T10:38:23.821554+00:00] product_views.INFO: Product aangeklikt {"product_id":8,"product_naam":"Naruto (Shipudan)","user_id":3,"timestamp":"2025-10-21 10:38:23"} []
[2025-10-21T10:38:23.821604+00:00] product_views.INFO: Product aangeklikt {"product_id":9,"product_naam":"Hermione Granger","user_id":3,"timestamp":"2025-10-21 10:38:23"} []
[2025-10-21T10:38:23.821644+00:00] product_views.INFO: Product aangeklikt {"product_id":10,"product_naam":"Deadpool and headpool","user_id":3,"timestamp":"2025-10-21 10:38:23"} []
[2025-10-21T10:38:53.204035+00:00] product_views.INFO: Product aangeklikt {"product_id":1,"product_naam":"Batman (Dark Knight)","user_id":3,"timestamp":"2025-10-21 10:38:53"} []
[2025-10-21T10:38:53.204677+00:00] product_views.INFO: Product aangeklikt {"product_id":2,"product_naam":"Spider-Man (Classic)","user_id":3,"timestamp":"2025-10-21 10:38:53"} []
[2025-10-21T10:38:53.204750+00:00] product_views.INFO: Product aangeklikt {"product_id":3,"product_naam":"Pikachu (Pokémon)","user_id":3,"timestamp":"2025-10-21 10:38:53"} []
[2025-10-21T10:38:53.204805+00:00] product_views.INFO: Product aangeklikt {"product_id":4,"product_naam":"Harry Potter (cupboard)","user_id":3,"timestamp":"2025-10-21 10:38:53"} []
[2025-10-21T10:38:53.204932+00:00] product_views.INFO: Product aangeklikt {"product_id":5,"product_naam":"Darth Vader (Star Wars)","user_id":3,"timestamp":"2025-10-21 10:38:53"} []
[2025-10-21T10:38:53.205007+00:00] product_views.INFO: Product aangeklikt {"product_id":6,"product_naam":"Iron Man (MARVEL RIVALS)","user_id":3,"timestamp":"2025-10-21 10:38:53"} []
[2025-10-21T10:38:53.205053+00:00] product_views.INFO: Product aangeklikt {"product_id":7,"product_naam":"The Mandalorian","user_id":3,"timestamp":"2025-10-21 10:38:53"} []
[2025-10-21T10:38:53.205350+00:00] product_views.INFO: Product aangeklikt {"product_id":8,"product_naam":"Naruto (Shipudan)","user_id":3,"timestamp":"2025-10-21 10:38:53"} []
[2025-10-21T10:38:53.205401+00:00] product_views.INFO: Product aangeklikt {"product_id":9,"product_naam":"Hermione Granger","user_id":3,"timestamp":"2025-10-21 10:38:53"} []
[2025-10-21T10:38:53.205445+00:00] product_views.INFO: Product aangeklikt {"product_id":10,"product_naam":"Deadpool and headpool","user_id":3,"timestamp":"2025-10-21 10:38:53"} []
[2025-10-21T10:38:54.376842+00:00] product_views.INFO: Product aangeklikt {"product_id":1,"product_naam":"Batman (Dark Knight)","user_id":3,"timestamp":"2025-10-21 10:38:54"} []
[2025-10-21T10:38:54.377296+00:00] product_views.INFO: Product aangeklikt {"product_id":2,"product_naam":"Spider-Man (Classic)","user_id":3,"timestamp":"2025-10-21 10:38:54"} []
[2025-10-21T10:38:54.377397+00:00] product_views.INFO: Product aangeklikt {"product_id":3,"product_naam":"Pikachu (Pokémon)","user_id":3,"timestamp":"2025-10-21 10:38:54"} []
[2025-10-21T10:38:54.377445+00:00] product_views.INFO: Product aangeklikt {"product_id":4,"product_naam":"Harry Potter (cupboard)","user_id":3,"timestamp":"2025-10-21 10:38:54"} []
[2025-10-21T10:38:54.377486+00:00] product_views.INFO: Product aangeklikt {"product_id":5,"product_naam":"Darth Vader (Star Wars)","user_id":3,"timestamp":"2025-10-21 10:38:54"} []
[2025-10-21T10:38:54.377527+00:00] product_views.INFO: Product aangeklikt {"product_id":6,"product_naam":"Iron Man (MARVEL RIVALS)","user_id":3,"timestamp":"2025-10-21 10:38:54"} []
[2025-10-21T10:38:54.377566+00:00] product_views.INFO: Product aangeklikt {"product_id":7,"product_naam":"The Mandalorian","user_id":3,"timestamp":"2025-10-21 10:38:54"} []
[2025-10-21T10:38:54.377817+00:00] product_views.INFO: Product aangeklikt {"product_id":8,"product_naam":"Naruto (Shipudan)","user_id":3,"timestamp":"2025-10-21 10:38:54"} []
[2025-10-21T10:38:54.377861+00:00] product_views.INFO: Product aangeklikt {"product_id":9,"product_naam":"Hermione Granger","user_id":3,"timestamp":"2025-10-21 10:38:54"} []
[2025-10-21T10:38:54.377900+00:00] product_views.INFO: Product aangeklikt {"product_id":10,"product_naam":"Deadpool and headpool","user_id":3,"timestamp":"2025-10-21 10:38:54"} []
[2025-10-21T10:38:59.891490+00:00] product_views.INFO: Product aangeklikt {"product_id":1,"product_naam":"Batman (Dark Knight)","user_id":3,"timestamp":"2025-10-21 10:38:59"} []
[2025-10-21T10:38:59.892053+00:00] product_views.INFO: Product aangeklikt {"product_id":2,"product_naam":"Spider-Man (Classic)","user_id":3,"timestamp":"2025-10-21 10:38:59"} []
[2025-10-21T10:38:59.892175+00:00] product_views.INFO: Product aangeklikt {"product_id":3,"product_naam":"Pikachu (Pokémon)","user_id":3,"timestamp":"2025-10-21 10:38:59"} []
[2025-10-21T10:38:59.892357+00:00] product_views.INFO: Product aangeklikt {"product_id":4,"product_naam":"Harry Potter (cupboard)","user_id":3,"timestamp":"2025-10-21 10:38:59"} []
[2025-10-21T10:38:59.892490+00:00] product_views.INFO: Product aangeklikt {"product_id":5,"product_naam":"Darth Vader (Star Wars)","user_id":3,"timestamp":"2025-10-21 10:38:59"} []
[2025-10-21T10:38:59.892597+00:00] product_views.INFO: Product aangeklikt {"product_id":6,"product_naam":"Iron Man (MARVEL RIVALS)","user_id":3,"timestamp":"2025-10-21 10:38:59"} []
[2025-10-21T10:38:59.892704+00:00] product_views.INFO: Product aangeklikt {"product_id":7,"product_naam":"The Mandalorian","user_id":3,"timestamp":"2025-10-21 10:38:59"} []
[2025-10-21T10:38:59.893080+00:00] product_views.INFO: Product aangeklikt {"product_id":8,"product_naam":"Naruto (Shipudan)","user_id":3,"timestamp":"2025-10-21 10:38:59"} []
[2025-10-21T10:38:59.893180+00:00] product_views.INFO: Product aangeklikt {"product_id":9,"product_naam":"Hermione Granger","user_id":3,"timestamp":"2025-10-21 10:38:59"} []
[2025-10-21T10:38:59.893242+00:00] product_views.INFO: Product aangeklikt {"product_id":10,"product_naam":"Deadpool and headpool","user_id":3,"timestamp":"2025-10-21 10:38:59"} []
